<?xml version="1.0" encoding="UTF-8"?>
<!-- Generated by org.testng.reporters.JUnitReportReporter -->
<testsuite skipped="1" hostname="PRVN" name="projectflip.Flipkartproject" tests="4" failures="0" timestamp="07 Nov 2022 13:18:22 GMT" time="57.768" errors="0">
  <testcase name="test4" time="0.094" classname="projectflip.Flipkartproject"/>
  <testcase name="test2" time="50.161" classname="projectflip.Flipkartproject"/>
  <testcase name="test1" time="7.513" classname="projectflip.Flipkartproject"/>
  <testcase name="test3" classname="projectflip.Flipkartproject">
    <skipped/>
  </testcase> <!-- test3 -->
</testsuite> <!-- projectflip.Flipkartproject -->
